Performing C SOURCE FILE Test CMAKE_HAVE_LIBC_PTHREAD failed with the following output:
Change Dir: /home/hur/robot_sp/build/CMakeFiles/CMakeTmp

Run Build Command(s):/usr/bin/make cmTC_cfb44/fast && /usr/bin/make -f CMakeFiles/cmTC_cfb44.dir/build.make CMakeFiles/cmTC_cfb44.dir/build
make[1]: Entering directory '/home/hur/robot_sp/build/CMakeFiles/CMakeTmp'
Building C object CMakeFiles/cmTC_cfb44.dir/src.c.o
/usr/bin/cc   -DCMAKE_HAVE_LIBC_PTHREAD   -o CMakeFiles/cmTC_cfb44.dir/src.c.o   -c /home/hur/robot_sp/build/CMakeFiles/CMakeTmp/src.c
Linking C executable cmTC_cfb44
/usr/bin/cmake -E cmake_link_script CMakeFiles/cmTC_cfb44.dir/link.txt --verbose=1
/usr/bin/cc  -DCMAKE_HAVE_LIBC_PTHREAD    -rdynamic CMakeFiles/cmTC_cfb44.dir/src.c.o  -o cmTC_cfb44 
/usr/bin/ld: CMakeFiles/cmTC_cfb44.dir/src.c.o: in function `main':
src.c:(.text+0x46): undefined reference to `pthread_create'
/usr/bin/ld: src.c:(.text+0x52): undefined reference to `pthread_detach'
/usr/bin/ld: src.c:(.text+0x63): undefined reference to `pthread_join'
collect2: error: ld returned 1 exit status
make[1]: *** [CMakeFiles/cmTC_cfb44.dir/build.make:87: cmTC_cfb44] Error 1
make[1]: Leaving directory '/home/hur/robot_sp/build/CMakeFiles/CMakeTmp'
make: *** [Makefile:121: cmTC_cfb44/fast] Error 2


Source file was:
#include <pthread.h>

void* test_func(void* data)
{
  return data;
}

int main(void)
{
  pthread_t thread;
  pthread_create(&thread, NULL, test_func, NULL);
  pthread_detach(thread);
  pthread_join(thread, NULL);
  pthread_atfork(NULL, NULL, NULL);
  pthread_exit(NULL);

  return 0;
}

Determining if the function pthread_create exists in the pthreads failed with the following output:
Change Dir: /home/hur/robot_sp/build/CMakeFiles/CMakeTmp

Run Build Command(s):/usr/bin/make cmTC_edb60/fast && /usr/bin/make -f CMakeFiles/cmTC_edb60.dir/build.make CMakeFiles/cmTC_edb60.dir/build
make[1]: Entering directory '/home/hur/robot_sp/build/CMakeFiles/CMakeTmp'
Building C object CMakeFiles/cmTC_edb60.dir/CheckFunctionExists.c.o
/usr/bin/cc   -DCHECK_FUNCTION_EXISTS=pthread_create   -o CMakeFiles/cmTC_edb60.dir/CheckFunctionExists.c.o   -c /usr/share/cmake-3.16/Modules/CheckFunctionExists.c
Linking C executable cmTC_edb60
/usr/bin/cmake -E cmake_link_script CMakeFiles/cmTC_edb60.dir/link.txt --verbose=1
/usr/bin/cc  -DCHECK_FUNCTION_EXISTS=pthread_create    -rdynamic CMakeFiles/cmTC_edb60.dir/CheckFunctionExists.c.o  -o cmTC_edb60  -lpthreads 
/usr/bin/ld: cannot find -lpthreads
collect2: error: ld returned 1 exit status
make[1]: *** [CMakeFiles/cmTC_edb60.dir/build.make:87: cmTC_edb60] Error 1
make[1]: Leaving directory '/home/hur/robot_sp/build/CMakeFiles/CMakeTmp'
make: *** [Makefile:121: cmTC_edb60/fast] Error 2



Determining if the function sgemm_ exists failed with the following output:
Change Dir: /home/hur/robot_sp/build/CMakeFiles/CMakeTmp

Run Build Command(s):/usr/bin/make cmTC_2b163/fast && /usr/bin/make -f CMakeFiles/cmTC_2b163.dir/build.make CMakeFiles/cmTC_2b163.dir/build
make[1]: Entering directory '/home/hur/robot_sp/build/CMakeFiles/CMakeTmp'
Building C object CMakeFiles/cmTC_2b163.dir/CheckFunctionExists.c.o
/usr/bin/cc   -DCHECK_FUNCTION_EXISTS=sgemm_   -o CMakeFiles/cmTC_2b163.dir/CheckFunctionExists.c.o   -c /usr/share/cmake-3.16/Modules/CheckFunctionExists.c
Linking C executable cmTC_2b163
/usr/bin/cmake -E cmake_link_script CMakeFiles/cmTC_2b163.dir/link.txt --verbose=1
/usr/bin/cc  -DCHECK_FUNCTION_EXISTS=sgemm_    CMakeFiles/cmTC_2b163.dir/CheckFunctionExists.c.o  -o cmTC_2b163 
/usr/bin/ld: CMakeFiles/cmTC_2b163.dir/CheckFunctionExists.c.o: in function `main':
CheckFunctionExists.c:(.text+0x14): undefined reference to `sgemm_'
collect2: error: ld returned 1 exit status
make[1]: *** [CMakeFiles/cmTC_2b163.dir/build.make:87: cmTC_2b163] Error 1
make[1]: Leaving directory '/home/hur/robot_sp/build/CMakeFiles/CMakeTmp'
make: *** [Makefile:121: cmTC_2b163/fast] Error 2



